# Nmap 7.94 scan initiated Sun Sep  3 21:36:36 2023 as: nmap -sV -sC --script=vuln -oN nmap/inicial.out -p- -Pn -vv 10.10.250.148
Pre-scan script results:
| broadcast-avahi-dos: 
|   Discovered hosts:
|     224.0.0.251
|   After NULL UDP avahi packet DoS (CVE-2011-1002).
|_  Hosts are all up (not vulnerable).
Nmap scan report for 10.10.250.148
Host is up, received user-set (0.33s latency).
Scanned at 2023-09-03 21:37:13 -03 for 2100s
Not shown: 65526 closed tcp ports (conn-refused)
PORT      STATE SERVICE            REASON  VERSION
135/tcp   open  msrpc              syn-ack Microsoft Windows RPC
139/tcp   open  netbios-ssn        syn-ack Microsoft Windows netbios-ssn
445/tcp   open  microsoft-ds       syn-ack Microsoft Windows 7 - 10 microsoft-ds (workgroup: WORKGROUP)
3389/tcp  open  ssl/ms-wbt-server? syn-ack
|_ssl-ccs-injection: No reply from server (TIMEOUT)
49152/tcp open  msrpc              syn-ack Microsoft Windows RPC
49153/tcp open  msrpc              syn-ack Microsoft Windows RPC
49154/tcp open  msrpc              syn-ack Microsoft Windows RPC
49158/tcp open  msrpc              syn-ack Microsoft Windows RPC
49159/tcp open  msrpc              syn-ack Microsoft Windows RPC
Service Info: Host: JON-PC; OS: Windows; CPE: cpe:/o:microsoft:windows

Host script results:
|_smb-vuln-ms10-054: false
|_samba-vuln-cve-2012-1182: NT_STATUS_ACCESS_DENIED
|_smb-vuln-ms10-061: NT_STATUS_ACCESS_DENIED
| smb-vuln-ms17-010: 
|   VULNERABLE:
|   Remote Code Execution vulnerability in Microsoft SMBv1 servers (ms17-010)
|     State: VULNERABLE
|     IDs:  CVE:CVE-2017-0143
|     Risk factor: HIGH
|       A critical remote code execution vulnerability exists in Microsoft SMBv1
|        servers (ms17-010).
|           
|     Disclosure date: 2017-03-14
|     References:
|       https://technet.microsoft.com/en-us/library/security/ms17-010.aspx
|       https://cve.mitre.org/cgi-bin/cvename.cgi?name=CVE-2017-0143
|_      https://blogs.technet.microsoft.com/msrc/2017/05/12/customer-guidance-for-wannacrypt-attacks/

Read data files from: /usr/bin/../share/nmap
Service detection performed. Please report any incorrect results at https://nmap.org/submit/ .
# Nmap done at Sun Sep  3 22:12:13 2023 -- 1 IP address (1 host up) scanned in 2137.01 seconds
