# Nmap 7.94 scan initiated Sat Sep  9 22:37:09 2023 as: nmap -A -p- -oN nmap.out -vv 10.10.0.16
Nmap scan report for 10.10.0.16
Host is up, received conn-refused (0.32s latency).
Scanned at 2023-09-09 22:37:13 -03 for 1621s
Not shown: 65528 closed tcp ports (conn-refused)
PORT      STATE    SERVICE     REASON      VERSION
21/tcp    open     ftp         syn-ack     vsftpd 3.0.3
22/tcp    open     ssh         syn-ack     OpenSSH 7.2p2 Ubuntu 4ubuntu2.7 (Ubuntu Linux; protocol 2.0)
| ssh-hostkey: 
|   2048 5a:4f:fc:b8:c8:76:1c:b5:85:1c:ac:b2:86:41:1c:5a (RSA)
| ssh-rsa AAAAB3NzaC1yc2EAAAADAQABAAABAQDYQExoU9R0VCGoQW6bOwg0U7ILtmfBQ3x/rdK8uuSM/fEH80hgG81Xpqu52siXQXOn1hpppYs7rpZN+KdwAYYDmnxSPVwkj2yXT9hJ/fFAmge3vk0Gt5Kd8q3CdcLjgMcc8V4b8v6UpYemIgWFOkYTzji7ZPrTNlo4HbDgY5/F9evC9VaWgfnyiasyAT6aio4hecn0Sg1Ag35NTGnbgrMmDqk6hfxIBqjqyYLPgJ4V1QrqeqMrvyc6k1/XgsR7dlugmqXyICiXu03zz7lNUf6vuWT707yDi9wEdLE6Hmah78f+xDYUP7iNA0raxi2H++XQjktPqjKGQzJHemtPY5bn
|   256 ac:9d:ec:44:61:0c:28:85:00:88:e9:68:e9:d0:cb:3d (ECDSA)
| ecdsa-sha2-nistp256 AAAAE2VjZHNhLXNoYTItbmlzdHAyNTYAAAAIbmlzdHAyNTYAAABBBHCK2yd1f39AlLoIZFsvpSlRlzyO1wjBoVy8NvMp4/6Db2TJNwcUNNFjYQRd5EhxNnP+oLvOTofBlF/n0ms6SwE=
|   256 30:50:cb:70:5a:86:57:22:cb:52:d9:36:34:dc:a5:58 (ED25519)
|_ssh-ed25519 AAAAC3NzaC1lZDI1NTE5AAAAIGqh93OTpuL32KRVEn9zL/Ybk+5mAsT/81axilYUUvUB
139/tcp   open     netbios-ssn syn-ack     Samba smbd 3.X - 4.X (workgroup: WORKGROUP)
445/tcp   open                 syn-ack     Samba smbd 4.3.11-Ubuntu (workgroup: WORKGROUP)
3128/tcp  open     http-proxy  syn-ack     Squid http proxy 3.5.12
|_http-server-header: squid/3.5.12
|_http-title: ERROR: The requested URL could not be retrieved
3333/tcp  open     http        syn-ack     Apache httpd 2.4.18 ((Ubuntu))
|_http-title: Vuln University
| http-methods: 
|_  Supported Methods: GET HEAD POST OPTIONS
|_http-server-header: Apache/2.4.18 (Ubuntu)
46646/tcp filtered unknown     no-response
Service Info: Host: VULNUNIVERSITY; OSs: Unix, Linux; CPE: cpe:/o:linux:linux_kernel

Host script results:
| smb-os-discovery: 
|   OS: Windows 6.1 (Samba 4.3.11-Ubuntu)
|   Computer name: vulnuniversity
|   NetBIOS computer name: VULNUNIVERSITY\x00
|   Domain name: \x00
|   FQDN: vulnuniversity
|_  System time: 2023-09-09T22:04:01-04:00
| p2p-conficker: 
|   Checking for Conficker.C or higher...
|   Check 1 (port 9659/tcp): CLEAN (Couldn't connect)
|   Check 2 (port 58817/tcp): CLEAN (Couldn't connect)
|   Check 3 (port 20592/udp): CLEAN (Failed to receive data)
|   Check 4 (port 48238/udp): CLEAN (Failed to receive data)
|_  0/4 checks are positive: Host is CLEAN or ports are blocked
| nbstat: NetBIOS name: VULNUNIVERSITY, NetBIOS user: <unknown>, NetBIOS MAC: <unknown> (unknown)
| Names:
|   VULNUNIVERSITY<00>   Flags: <unique><active>
|   VULNUNIVERSITY<03>   Flags: <unique><active>
|   VULNUNIVERSITY<20>   Flags: <unique><active>
|   \x01\x02__MSBROWSE__\x02<01>  Flags: <group><active>
|   WORKGROUP<00>        Flags: <group><active>
|   WORKGROUP<1d>        Flags: <unique><active>
|   WORKGROUP<1e>        Flags: <group><active>
| Statistics:
|   00:00:00:00:00:00:00:00:00:00:00:00:00:00:00:00:00
|   00:00:00:00:00:00:00:00:00:00:00:00:00:00:00:00:00
|_  00:00:00:00:00:00:00:00:00:00:00:00:00:00
| smb2-security-mode: 
|   3:1:1: 
|_    Message signing enabled but not required
| smb-security-mode: 
|   account_used: guest
|   authentication_level: user
|   challenge_response: supported
|_  message_signing: disabled (dangerous, but default)
| smb2-time: 
|   date: 2023-09-10T02:04:01
|_  start_date: N/A
|_clock-skew: mean: 1h19m59s, deviation: 2h18m34s, median: -1s

Read data files from: /usr/bin/../share/nmap
Service detection performed. Please report any incorrect results at https://nmap.org/submit/ .
# Nmap done at Sat Sep  9 23:04:14 2023 -- 1 IP address (1 host up) scanned in 1624.97 seconds
