# Nmap 7.94 scan initiated Tue Sep 12 11:09:32 2023 as: nmap -p 445 --script=smb-enum-shares.nse,smb-enum-users.nse -oN nmap-scripts.out 10.10.115.244
Nmap scan report for 10.10.115.244
Host is up (0.33s latency).

PORT    STATE SERVICE
445/tcp open  microsoft-ds

Host script results:
| smb-enum-shares: 
|   account_used: guest
|   \\10.10.115.244\IPC$: 
|     Type: STYPE_IPC_HIDDEN
|     Comment: IPC Service (kenobi server (Samba, Ubuntu))
|     Users: 1
|     Max Users: <unlimited>
|     Path: C:\tmp
|     Anonymous access: READ/WRITE
|     Current user access: READ/WRITE
|   \\10.10.115.244\anonymous: 
|     Type: STYPE_DISKTREE
|     Comment: 
|     Users: 0
|     Max Users: <unlimited>
|     Path: C:\home\kenobi\share
|     Anonymous access: READ/WRITE
|     Current user access: READ/WRITE
|   \\10.10.115.244\print$: 
|     Type: STYPE_DISKTREE
|     Comment: Printer Drivers
|     Users: 0
|     Max Users: <unlimited>
|     Path: C:\var\lib\samba\printers
|     Anonymous access: <none>
|_    Current user access: <none>

# Nmap done at Tue Sep 12 11:10:24 2023 -- 1 IP address (1 host up) scanned in 52.48 seconds
